Registration attempt for existing username user1
Registration attempt for existing username user2
Registration attempt for existing username admin
User admin logged in
Registration attempt for existing username user1
Registration attempt for existing username user2
Registration attempt for existing username admin
User user1 logged in
User user2 logged in
User admin logged in
Registration attempt for existing username user1
Registration attempt for existing username user2
Registration attempt for existing username admin
User admin logged in
User admin logged in
User admin logged in
Registration attempt for existing username user1
Registration attempt for existing username user2
Registration attempt for existing username admin
User user2 logged in
User admin logged in
Registration attempt for existing username user1
Registration attempt for existing username user2
Registration attempt for existing username admin
User admin logged in
User user2 logged in
Registration attempt for existing username user1
Registration attempt for existing username user2
Registration attempt for existing username admin
User admin logged in
User user1 logged in
User admin logged in
User user1 logged in
Failed login attempt for username user2
Failed login attempt for username user2
User user1 logged in
Failed login attempt for username user2
User admin logged in
Failed login attempt for username user3
Registration attempt for existing username user1
Registration attempt for existing username user2
Registration attempt for existing username admin
User admin logged in
User user3 registered with role user
Registration attempt for existing username user1
Registration attempt for existing username user2
Registration attempt for existing username admin
User user2 logged in
Failed login attempt for username user3
User admin logged in
User user4 registered with role user
User user4 logged in
User admin logged in
User newuser registered with role user
User admin logged in
User admin logged in
User newuser registered with role user
Registration attempt for existing username user1
Registration attempt for existing username user2
Registration attempt for existing username admin
User admin logged in
User user2 registered with role user
Failed login attempt for username user1
User user1 logged in
Registration attempt for existing username user1
Registration attempt for existing username user2
Registration attempt for existing username admin
Failed login attempt for username user1
User user1 logged in
User admin logged in
User user3 registered with role user
User user3 logged in
User admin logged in
User user1 logged in
User user2 logged in
